<?xml version="1.0" encoding="UTF-8"?>
<!-- Generated by org.testng.reporters.JUnitReportReporter -->
<testsuite hostname="LAPTOP-9AORDMPD" failures="0" tests="1" name="MiniProject.BuildProjectEnquiry2" time="37.014" errors="0" timestamp="2021-03-31T11:25:40 IST" skipped="0">
  <testcase classname="MiniProject.BuildProjectEnquiry2" name="ProjectEnquiry" time="37.014"/>
  <system-out/>
</testsuite> <!-- MiniProject.BuildProjectEnquiry2 -->
